Determining if the function crc32c_value exists in the crc32c failed with the following output:
Change Dir: /home/even/workspace/even-leveldb/build/CMakeFiles/CMakeTmp

Run Build Command:"/usr/bin/make" "cmTC_38e18/fast"
/usr/bin/make -f CMakeFiles/cmTC_38e18.dir/build.make CMakeFiles/cmTC_38e18.dir/build
make[1]: Entering directory '/home/even/workspace/even-leveldb/build/CMakeFiles/CMakeTmp'
Building C object CMakeFiles/cmTC_38e18.dir/CheckFunctionExists.c.o
/usr/bin/cc   -DCHECK_FUNCTION_EXISTS=crc32c_value -fPIE   -o CMakeFiles/cmTC_38e18.dir/CheckFunctionExists.c.o   -c /usr/share/cmake-3.10/Modules/CheckFunctionExists.c
Linking C executable cmTC_38e18
/usr/bin/cmake -E cmake_link_script CMakeFiles/cmTC_38e18.dir/link.txt --verbose=1
/usr/bin/cc  -DCHECK_FUNCTION_EXISTS=crc32c_value    CMakeFiles/cmTC_38e18.dir/CheckFunctionExists.c.o  -o cmTC_38e18 -lcrc32c 
/usr/bin/ld: cannot find -lcrc32c
collect2: error: ld returned 1 exit status
CMakeFiles/cmTC_38e18.dir/build.make:97: recipe for target 'cmTC_38e18' failed
make[1]: *** [cmTC_38e18] Error 1
make[1]: Leaving directory '/home/even/workspace/even-leveldb/build/CMakeFiles/CMakeTmp'
Makefile:126: recipe for target 'cmTC_38e18/fast' failed
make: *** [cmTC_38e18/fast] Error 2


Determining if the function snappy_compress exists in the snappy failed with the following output:
Change Dir: /home/even/workspace/even-leveldb/build/CMakeFiles/CMakeTmp

Run Build Command:"/usr/bin/make" "cmTC_4a350/fast"
/usr/bin/make -f CMakeFiles/cmTC_4a350.dir/build.make CMakeFiles/cmTC_4a350.dir/build
make[1]: Entering directory '/home/even/workspace/even-leveldb/build/CMakeFiles/CMakeTmp'
Building C object CMakeFiles/cmTC_4a350.dir/CheckFunctionExists.c.o
/usr/bin/cc   -DCHECK_FUNCTION_EXISTS=snappy_compress -fPIE   -o CMakeFiles/cmTC_4a350.dir/CheckFunctionExists.c.o   -c /usr/share/cmake-3.10/Modules/CheckFunctionExists.c
Linking C executable cmTC_4a350
/usr/bin/cmake -E cmake_link_script CMakeFiles/cmTC_4a350.dir/link.txt --verbose=1
/usr/bin/cc  -DCHECK_FUNCTION_EXISTS=snappy_compress    CMakeFiles/cmTC_4a350.dir/CheckFunctionExists.c.o  -o cmTC_4a350 -lsnappy 
/usr/bin/ld: cannot find -lsnappy
collect2: error: ld returned 1 exit status
CMakeFiles/cmTC_4a350.dir/build.make:97: recipe for target 'cmTC_4a350' failed
make[1]: *** [cmTC_4a350] Error 1
make[1]: Leaving directory '/home/even/workspace/even-leveldb/build/CMakeFiles/CMakeTmp'
Makefile:126: recipe for target 'cmTC_4a350/fast' failed
make: *** [cmTC_4a350/fast] Error 2


Determining if the function malloc exists in the tcmalloc failed with the following output:
Change Dir: /home/even/workspace/even-leveldb/build/CMakeFiles/CMakeTmp

Run Build Command:"/usr/bin/make" "cmTC_bb504/fast"
/usr/bin/make -f CMakeFiles/cmTC_bb504.dir/build.make CMakeFiles/cmTC_bb504.dir/build
make[1]: Entering directory '/home/even/workspace/even-leveldb/build/CMakeFiles/CMakeTmp'
Building C object CMakeFiles/cmTC_bb504.dir/CheckFunctionExists.c.o
/usr/bin/cc   -DCHECK_FUNCTION_EXISTS=malloc -fPIE   -o CMakeFiles/cmTC_bb504.dir/CheckFunctionExists.c.o   -c /usr/share/cmake-3.10/Modules/CheckFunctionExists.c
<command-line>:0:23: warning: conflicting types for built-in function ‘malloc’ [enabled by default]
/usr/share/cmake-3.10/Modules/CheckFunctionExists.c:7:3: note: in expansion of macro ‘CHECK_FUNCTION_EXISTS’
   CHECK_FUNCTION_EXISTS(void);
   ^
Linking C executable cmTC_bb504
/usr/bin/cmake -E cmake_link_script CMakeFiles/cmTC_bb504.dir/link.txt --verbose=1
/usr/bin/cc  -DCHECK_FUNCTION_EXISTS=malloc    CMakeFiles/cmTC_bb504.dir/CheckFunctionExists.c.o  -o cmTC_bb504 -ltcmalloc 
/usr/bin/ld: cannot find -ltcmalloc
collect2: error: ld returned 1 exit status
CMakeFiles/cmTC_bb504.dir/build.make:97: recipe for target 'cmTC_bb504' failed
make[1]: *** [cmTC_bb504] Error 1
make[1]: Leaving directory '/home/even/workspace/even-leveldb/build/CMakeFiles/CMakeTmp'
Makefile:126: recipe for target 'cmTC_bb504/fast' failed
make: *** [cmTC_bb504/fast] Error 2


Determining if the F_FULLFSYNC exist failed with the following output:
Change Dir: /home/even/workspace/even-leveldb/build/CMakeFiles/CMakeTmp

Run Build Command:"/usr/bin/make" "cmTC_eec89/fast"
/usr/bin/make -f CMakeFiles/cmTC_eec89.dir/build.make CMakeFiles/cmTC_eec89.dir/build
make[1]: Entering directory '/home/even/workspace/even-leveldb/build/CMakeFiles/CMakeTmp'
Building CXX object CMakeFiles/cmTC_eec89.dir/CheckSymbolExists.cxx.o
/usr/bin/c++    -fPIE   -std=c++11 -o CMakeFiles/cmTC_eec89.dir/CheckSymbolExists.cxx.o -c /home/even/workspace/even-leveldb/build/CMakeFiles/CMakeTmp/CheckSymbolExists.cxx
/home/even/workspace/even-leveldb/build/CMakeFiles/CMakeTmp/CheckSymbolExists.cxx: In function ‘int main(int, char**)’:
/home/even/workspace/even-leveldb/build/CMakeFiles/CMakeTmp/CheckSymbolExists.cxx:8:19: error: ‘F_FULLFSYNC’ was not declared in this scope
   return ((int*)(&F_FULLFSYNC))[argc];
                   ^~~~~~~~~~~
/home/even/workspace/even-leveldb/build/CMakeFiles/CMakeTmp/CheckSymbolExists.cxx:8:19: note: suggested alternative: ‘O_FSYNC’
   return ((int*)(&F_FULLFSYNC))[argc];
                   ^~~~~~~~~~~
                   O_FSYNC
CMakeFiles/cmTC_eec89.dir/build.make:65: recipe for target 'CMakeFiles/cmTC_eec89.dir/CheckSymbolExists.cxx.o' failed
make[1]: *** [CMakeFiles/cmTC_eec89.dir/CheckSymbolExists.cxx.o] Error 1
make[1]: Leaving directory '/home/even/workspace/even-leveldb/build/CMakeFiles/CMakeTmp'
Makefile:126: recipe for target 'cmTC_eec89/fast' failed
make: *** [cmTC_eec89/fast] Error 2

File /home/even/workspace/even-leveldb/build/CMakeFiles/CMakeTmp/CheckSymbolExists.cxx:
/* */
#include <fcntl.h>

int main(int argc, char** argv)
{
  (void)argv;
#ifndef F_FULLFSYNC
  return ((int*)(&F_FULLFSYNC))[argc];
#else
  (void)argc;
  return 0;
#endif
}

